current directory: /Users/alec.story/.dotfiles/nvim/mason/staging/ruby-lsp/gems/rbs-3.6.1/ext/rbs_extension
/Users/alec.story/.rbenv/versions/3.3.5/bin/ruby extconf.rb
checking for whether -std=gnu99 is accepted as CFLAGS... yes
creating Makefile

current directory: /Users/alec.story/.dotfiles/nvim/mason/staging/ruby-lsp/gems/rbs-3.6.1/ext/rbs_extension
make DESTDIR\= sitearchdir\=./.gem.20241108-97803-jvmw9d sitelibdir\=./.gem.20241108-97803-jvmw9d clean

current directory: /Users/alec.story/.dotfiles/nvim/mason/staging/ruby-lsp/gems/rbs-3.6.1/ext/rbs_extension
make DESTDIR\= sitearchdir\=./.gem.20241108-97803-jvmw9d sitelibdir\=./.gem.20241108-97803-jvmw9d
compiling constants.c
compiling lexer.c
compiling lexstate.c
compiling location.c
compiling main.c
compiling parser.c
compiling parserstate.c
compiling ruby_objs.c
compiling unescape.c
linking shared-object rbs_extension.bundle

current directory: /Users/alec.story/.dotfiles/nvim/mason/staging/ruby-lsp/gems/rbs-3.6.1/ext/rbs_extension
make DESTDIR\= sitearchdir\=./.gem.20241108-97803-jvmw9d sitelibdir\=./.gem.20241108-97803-jvmw9d install
/opt/homebrew/bin/ginstall -c -m 0755 rbs_extension.bundle ./.gem.20241108-97803-jvmw9d

current directory: /Users/alec.story/.dotfiles/nvim/mason/staging/ruby-lsp/gems/rbs-3.6.1/ext/rbs_extension
make DESTDIR\= sitearchdir\=./.gem.20241108-97803-jvmw9d sitelibdir\=./.gem.20241108-97803-jvmw9d clean
