current directory: /Users/alec.story/.dotfiles/nvim/mason/staging/ruby-lsp/gems/prism-1.2.0/ext/prism
/Users/alec.story/.rbenv/versions/3.3.5/bin/ruby extconf.rb
checking for prism.h in /Users/alec.story/.dotfiles/nvim/mason/staging/ruby-lsp/gems/prism-1.2.0/include... yes
checking for prism/extension.h in /Users/alec.story/.dotfiles/nvim/mason/staging/ruby-lsp/gems/prism-1.2.0/ext... yes
checking for whether -fvisibility=hidden is accepted as CFLAGS... yes
Running make build/libprism.a with {"SOEXT"=>"dylib", "MAKEDIRS"=>"/opt/homebrew/bin/gmkdir -p", "RMALL"=>"rm -fr"}
compiling build/static/diagnostic.o
compiling build/static/encoding.o
compiling build/static/node.o
compiling build/static/options.o
compiling build/static/pack.o
compiling build/static/prettyprint.o
compiling build/static/prism.o
compiling build/static/regexp.o
compiling build/static/serialize.o
compiling build/static/static_literals.o
compiling build/static/token_type.o
compiling build/static/util/pm_buffer.o
compiling build/static/util/pm_char.o
compiling build/static/util/pm_constant_pool.o
compiling build/static/util/pm_integer.o
compiling build/static/util/pm_list.o
compiling build/static/util/pm_memchr.o
compiling build/static/util/pm_newline_list.o
compiling build/static/util/pm_string.o
compiling build/static/util/pm_strncasecmp.o
compiling build/static/util/pm_strpbrk.o
building build/libprism.a with ar
ar: creating archive build/libprism.a
creating Makefile

current directory: /Users/alec.story/.dotfiles/nvim/mason/staging/ruby-lsp/gems/prism-1.2.0/ext/prism
make DESTDIR\= sitearchdir\=./.gem.20241108-97803-ri5z0u sitelibdir\=./.gem.20241108-97803-ri5z0u clean

current directory: /Users/alec.story/.dotfiles/nvim/mason/staging/ruby-lsp/gems/prism-1.2.0/ext/prism
make DESTDIR\= sitearchdir\=./.gem.20241108-97803-ri5z0u sitelibdir\=./.gem.20241108-97803-ri5z0u
compiling api_node.c
compiling api_pack.c
compiling extension.c
linking shared-object prism/prism.bundle

current directory: /Users/alec.story/.dotfiles/nvim/mason/staging/ruby-lsp/gems/prism-1.2.0/ext/prism
make DESTDIR\= sitearchdir\=./.gem.20241108-97803-ri5z0u sitelibdir\=./.gem.20241108-97803-ri5z0u install
/opt/homebrew/bin/ginstall -c -m 0755 prism.bundle ./.gem.20241108-97803-ri5z0u/prism

current directory: /Users/alec.story/.dotfiles/nvim/mason/staging/ruby-lsp/gems/prism-1.2.0/ext/prism
make DESTDIR\= sitearchdir\=./.gem.20241108-97803-ri5z0u sitelibdir\=./.gem.20241108-97803-ri5z0u clean
